<?xml version="1.0" encoding="UTF-8"?>
<coverage generated="1744104946044" clover="3.2.0">
  <project timestamp="1744104946044" name="All files">
    <metrics statements="6" coveredstatements="6" conditionals="6" coveredconditionals="6" methods="2" coveredmethods="2" elements="14" coveredelements="14" complexity="0" loc="6" ncloc="6" packages="1" files="1" classes="1"/>
    <file name="1_5module.js" path="/home/jean-kuo/git-repos/jean-js/Q1_5/1_5module.js">
      <metrics statements="6" coveredstatements="6" conditionals="6" coveredconditionals="6" methods="2" coveredmethods="2"/>
      <line num="4" count="3" type="cond" truecount="4" falsecount="0"/>
      <line num="5" count="3" type="stmt"/>
      <line num="10" count="4" type="cond" truecount="2" falsecount="0"/>
      <line num="11" count="1" type="stmt"/>
      <line num="13" count="3" type="stmt"/>
      <line num="14" count="3" type="stmt"/>
    </file>
  </project>
</coverage>
