<?xml version="1.0" encoding="UTF-8"?>
<coverage generated="1744965351917" clover="3.2.0">
  <project timestamp="1744965351917" name="All files">
    <metrics statements="15" coveredstatements="15" conditionals="10" coveredconditionals="9" methods="6" coveredmethods="6" elements="31" coveredelements="30" complexity="0" loc="15" ncloc="15" packages="2" files="2" classes="2"/>
    <package name="Q1_1">
      <metrics statements="13" coveredstatements="13" conditionals="10" coveredconditionals="9" methods="5" coveredmethods="5"/>
      <file name="1_1module.js" path="/home/jean-kuo/git-repos/jean/Q1_1/1_1module.js">
        <metrics statements="13" coveredstatements="13" conditionals="10" coveredconditionals="9" methods="5" coveredmethods="5"/>
        <line num="34" count="4" type="stmt"/>
        <line num="35" count="1" type="stmt"/>
        <line num="36" count="1" type="stmt"/>
        <line num="37" count="1" type="stmt"/>
        <line num="38" count="1" type="stmt"/>
        <line num="41" count="4" type="cond" truecount="2" falsecount="0"/>
        <line num="42" count="1" type="stmt"/>
        <line num="44" count="3" type="cond" truecount="2" falsecount="0"/>
        <line num="45" count="1" type="stmt"/>
        <line num="47" count="2" type="cond" truecount="4" falsecount="0"/>
        <line num="48" count="1" type="stmt"/>
        <line num="50" count="1" type="cond" truecount="1" falsecount="1"/>
        <line num="51" count="1" type="stmt"/>
      </file>
    </package>
    <package name="common_modules">
      <metrics statements="2" coveredstatements="2" conditionals="0" coveredconditionals="0" methods="1" coveredmethods="1"/>
      <file name="isInteger.js" path="/home/jean-kuo/git-repos/jean/common_modules/isInteger.js">
        <metrics statements="2" coveredstatements="2" conditionals="0" coveredconditionals="0" methods="1" coveredmethods="1"/>
        <line num="3" count="4" type="stmt"/>
        <line num="5" count="4" type="stmt"/>
      </file>
    </package>
  </project>
</coverage>
