{"/home/jean-kuo/git-repos/jean/Q1_1/1_1module.js": {"path":"/home/jean-kuo/git-repos/jean/Q1_1/1_1module.js","statementMap":{"0":{"start":{"line":34,"column":29},"end":{"line":39,"column":5}},"1":{"start":{"line":35,"column":21},"end":{"line":35,"column":44}},"2":{"start":{"line":36,"column":20},"end":{"line":36,"column":41}},"3":{"start":{"line":37,"column":23},"end":{"line":37,"column":48}},"4":{"start":{"line":38,"column":22},"end":{"line":38,"column":44}},"5":{"start":{"line":41,"column":4},"end":{"line":52,"column":5}},"6":{"start":{"line":42,"column":8},"end":{"line":42,"column":35}},"7":{"start":{"line":44,"column":9},"end":{"line":52,"column":5}},"8":{"start":{"line":45,"column":8},"end":{"line":45,"column":34}},"9":{"start":{"line":47,"column":9},"end":{"line":52,"column":5}},"10":{"start":{"line":48,"column":8},"end":{"line":48,"column":33}},"11":{"start":{"line":50,"column":9},"end":{"line":52,"column":5}},"12":{"start":{"line":51,"column":8},"end":{"line":51,"column":36}}},"fnMap":{"0":{"name":"shouldOpenMovie","decl":{"start":{"line":32,"column":16},"end":{"line":32,"column":31}},"loc":{"start":{"line":32,"column":46},"end":{"line":55,"column":1}},"line":32},"1":{"name":"(anonymous_1)","decl":{"start":{"line":35,"column":15},"end":{"line":35,"column":16}},"loc":{"start":{"line":35,"column":21},"end":{"line":35,"column":44}},"line":35},"2":{"name":"(anonymous_2)","decl":{"start":{"line":36,"column":14},"end":{"line":36,"column":15}},"loc":{"start":{"line":36,"column":20},"end":{"line":36,"column":41}},"line":36},"3":{"name":"(anonymous_3)","decl":{"start":{"line":37,"column":17},"end":{"line":37,"column":18}},"loc":{"start":{"line":37,"column":23},"end":{"line":37,"column":48}},"line":37},"4":{"name":"(anonymous_4)","decl":{"start":{"line":38,"column":16},"end":{"line":38,"column":17}},"loc":{"start":{"line":38,"column":22},"end":{"line":38,"column":44}},"line":38}},"branchMap":{"0":{"loc":{"start":{"line":41,"column":4},"end":{"line":52,"column":5}},"type":"if","locations":[{"start":{"line":41,"column":4},"end":{"line":52,"column":5}},{"start":{"line":44,"column":9},"end":{"line":52,"column":5}}],"line":41},"1":{"loc":{"start":{"line":44,"column":9},"end":{"line":52,"column":5}},"type":"if","locations":[{"start":{"line":44,"column":9},"end":{"line":52,"column":5}},{"start":{"line":47,"column":9},"end":{"line":52,"column":5}}],"line":44},"2":{"loc":{"start":{"line":47,"column":9},"end":{"line":52,"column":5}},"type":"if","locations":[{"start":{"line":47,"column":9},"end":{"line":52,"column":5}},{"start":{"line":50,"column":9},"end":{"line":52,"column":5}}],"line":47},"3":{"loc":{"start":{"line":47,"column":13},"end":{"line":47,"column":59}},"type":"binary-expr","locations":[{"start":{"line":47,"column":14},"end":{"line":47,"column":32}},{"start":{"line":47,"column":38},"end":{"line":47,"column":58}}],"line":47},"4":{"loc":{"start":{"line":50,"column":9},"end":{"line":52,"column":5}},"type":"if","locations":[{"start":{"line":50,"column":9},"end":{"line":52,"column":5}},{"start":{},"end":{}}],"line":50}},"s":{"0":4,"1":1,"2":1,"3":1,"4":1,"5":4,"6":1,"7":3,"8":1,"9":2,"10":1,"11":1,"12":1},"f":{"0":4,"1":1,"2":1,"3":1,"4":1},"b":{"0":[1,3],"1":[1,2],"2":[1,1],"3":[2,2],"4":[1,0]},"_coverageSchema":"1a1c01bbd47fc00a2c39e90264f33305004495a9","hash":"92205c94ffe5621606459e720adaf724db192646"}
,"/home/jean-kuo/git-repos/jean/common_modules/isInteger.js": {"path":"/home/jean-kuo/git-repos/jean/common_modules/isInteger.js","statementMap":{"0":{"start":{"line":3,"column":18},"end":{"line":3,"column":34}},"1":{"start":{"line":5,"column":4},"end":{"line":5,"column":31}}},"fnMap":{"0":{"name":"isValidInteger","decl":{"start":{"line":2,"column":16},"end":{"line":2,"column":30}},"loc":{"start":{"line":2,"column":40},"end":{"line":6,"column":1}},"line":2}},"branchMap":{},"s":{"0":4,"1":4},"f":{"0":4},"b":{},"_coverageSchema":"1a1c01bbd47fc00a2c39e90264f33305004495a9","hash":"f02558d02f6487f290f114abd8eafa8306b16d60"}
}
