{"/home/jean-kuo/git-repos/jean-js/Q1_5/1_5module.js": {"path":"/home/jean-kuo/git-repos/jean-js/Q1_5/1_5module.js","statementMap":{"0":{"start":{"line":4,"column":25},"end":{"line":4,"column":74}},"1":{"start":{"line":5,"column":4},"end":{"line":5,"column":24}},"2":{"start":{"line":10,"column":4},"end":{"line":12,"column":5}},"3":{"start":{"line":11,"column":8},"end":{"line":11,"column":17}},"4":{"start":{"line":13,"column":21},"end":{"line":13,"column":50}},"5":{"start":{"line":14,"column":4},"end":{"line":14,"column":48}}},"fnMap":{"0":{"name":"isValueNaEVENnumber","decl":{"start":{"line":2,"column":16},"end":{"line":2,"column":35}},"loc":{"start":{"line":2,"column":43},"end":{"line":6,"column":1}},"line":2},"1":{"name":"umleven","decl":{"start":{"line":9,"column":16},"end":{"line":9,"column":23}},"loc":{"start":{"line":9,"column":35},"end":{"line":15,"column":1}},"line":9}},"branchMap":{"0":{"loc":{"start":{"line":4,"column":25},"end":{"line":4,"column":74}},"type":"cond-expr","locations":[{"start":{"line":4,"column":62},"end":{"line":4,"column":66}},{"start":{"line":4,"column":69},"end":{"line":4,"column":74}}],"line":4},"1":{"loc":{"start":{"line":4,"column":25},"end":{"line":4,"column":59}},"type":"binary-expr","locations":[{"start":{"line":4,"column":26},"end":{"line":4,"column":37}},{"start":{"line":4,"column":43},"end":{"line":4,"column":58}}],"line":4},"2":{"loc":{"start":{"line":10,"column":4},"end":{"line":12,"column":5}},"type":"if","locations":[{"start":{"line":10,"column":4},"end":{"line":12,"column":5}},{"start":{},"end":{}}],"line":10}},"s":{"0":3,"1":3,"2":4,"3":1,"4":3,"5":3},"f":{"0":3,"1":4},"b":{"0":[1,2],"1":[3,2],"2":[1,3]},"_coverageSchema":"1a1c01bbd47fc00a2c39e90264f33305004495a9","hash":"f7cfe92ff8ae7ea7249e9ac4deb5ead13afd536c"}
}
