TN:
SF:Q1_1/1_1module.js
FN:32,shouldOpenMovie
FN:35,(anonymous_1)
FN:36,(anonymous_2)
FN:37,(anonymous_3)
FN:38,(anonymous_4)
FNF:5
FNH:5
FNDA:4,shouldOpenMovie
FNDA:1,(anonymous_1)
FNDA:1,(anonymous_2)
FNDA:1,(anonymous_3)
FNDA:1,(anonymous_4)
DA:34,4
DA:35,1
DA:36,1
DA:37,1
DA:38,1
DA:41,4
DA:42,1
DA:44,3
DA:45,1
DA:47,2
DA:48,1
DA:50,1
DA:51,1
LF:13
LH:13
BRDA:41,0,0,1
BRDA:41,0,1,3
BRDA:44,1,0,1
BRDA:44,1,1,2
BRDA:47,2,0,1
BRDA:47,2,1,1
BRDA:47,3,0,2
BRDA:47,3,1,2
BRDA:50,4,0,1
BRDA:50,4,1,0
BRF:10
BRH:9
end_of_record
TN:
SF:common_modules/isInteger.js
FN:2,isValidInteger
FNF:1
FNH:1
FNDA:4,isValidInteger
DA:3,4
DA:5,4
LF:2
LH:2
BRF:0
BRH:0
end_of_record
